#
# There is insufficient memory for the Java Runtime Environment to continue.
# Native memory allocation (malloc) failed to allocate 316816 bytes for Chunk::new
# Possible reasons:
#   The system is out of physical RAM or swap space
#   The process is running with CompressedOops enabled, and the Java Heap may be blocking the growth of the native heap
# Possible solutions:
#   Reduce memory load on the system
#   Increase physical memory or swap space
#   Check if swap backing store is full
#   Decrease Java heap size (-Xmx/-Xms)
#   Decrease number of Java threads
#   Decrease Java thread stack sizes (-Xss)
#   Set larger code cache with -XX:ReservedCodeCacheSize=
#   JVM is running with Zero Based Compressed Oops mode in which the Java heap is
#     placed in the first 32GB address space. The Java Heap base address is the
#     maximum limit for the native heap growth. Please use -XX:HeapBaseMinAddress
#     to set the Java Heap base and to place the Java Heap above 32GB virtual address.
# This output file may be truncated or incomplete.
#
#  Out of Memory Error (./open/src/hotspot/share/memory/arena.cpp:197), pid=5588, tid=5048
#
# JRE version: Java(TM) SE Runtime Environment 18.9 (11.0.9+7) (build 11.0.9+7-LTS)
# Java VM: Java HotSpot(TM) 64-Bit Server VM 18.9 (11.0.9+7-LTS, mixed mode, tiered, compressed oops, g1 gc, windows-amd64)
# No core dump will be written. Minidumps are not enabled by default on client versions of Windows
#

---------------  S U M M A R Y ------------

Command Line: -ea -Duser.language=en -DnodeNamesHandler=org.jetbrains.plugins.cucumber.java.run.CucumberTestTreeNodeManager -Didea.test.cyclic.buffer.size=1048576 -javaagent:C:\Program Files\JetBrains\IntelliJ IDEA Community Edition 2022.1.1\lib\idea_rt.jar=57194:C:\Program Files\JetBrains\IntelliJ IDEA Community Edition 2022.1.1\bin -Dfile.encoding=UTF-8 com.intellij.rt.junit.JUnitStarter -ideVersion5 -junit4 runners.Runner

Host: Intel(R) Core(TM) i7-6700HQ CPU @ 2.60GHz, 8 cores, 11G,  Windows 10 , 64 bit Build 19041 (10.0.19041.1889)
Time: Thu Oct 20 00:07:57 2022 Türkiye Standart Saati elapsed time: 16.566044 seconds (0d 0h 0m 16s)

---------------  T H R E A D  ---------------

Current thread (0x000001686a752000):  JavaThread "C2 CompilerThread1" daemon [_thread_in_native, id=5048, stack(0x0000005efec00000,0x0000005efed00000)]


Current CompileTask:
C2:  16566 4043       4       java.util.regex.Pattern::compile (498 bytes)

Stack: [0x0000005efec00000,0x0000005efed00000]
Native frames: (J=compiled Java code, j=interpreted, Vv=VM code, C=native code)
V  [jvm.dll+0x611a3a]
V  [jvm.dll+0x748aaf]
V  [jvm.dll+0x74a135]
V  [jvm.dll+0x74a7b3]
V  [jvm.dll+0x2439f8]
V  [jvm.dll+0xba2bc]
V  [jvm.dll+0xba9bc]
V  [jvm.dll+0x2b4274]
V  [jvm.dll+0x52a046]
V  [jvm.dll+0x1feffb]
V  [jvm.dll+0x1fc52f]
V  [jvm.dll+0x17f08c]
V  [jvm.dll+0x20bc54]
V  [jvm.dll+0x209d2b]
V  [jvm.dll+0x7103d9]
V  [jvm.dll+0x709114]
V  [jvm.dll+0x610cb6]
C  [ucrtbase.dll+0x21bb2]
C  [KERNEL32.DLL+0x17034]
C  [ntdll.dll+0x526a1]


---------------  P R O C E S S  ---------------

Threads class SMR info:
_java_thread_list=0x000001686a31d2b0, length=24, elements={
0x000001684732d800, 0x0000016868f9c800, 0x0000016868fa5000, 0x0000016868ff8000,
0x0000016868ffa000, 0x0000016868ffd000, 0x000001686900b800, 0x000001686900f000,
0x0000016868732800, 0x00000168695f6800, 0x00000168695f7000, 0x000001686ac08800,
0x000001686ab9a800, 0x000001686ac85000, 0x0000016869a2f800, 0x000001686af8e800,
0x000001686b10f000, 0x000001686b08b800, 0x000001686ac3f000, 0x000001686b251000,
0x000001686b253800, 0x000001686b253000, 0x000001686a752000, 0x000001686a5ed000
}

Java Threads: ( => current thread )
  0x000001684732d800 JavaThread "Forwarding sendKeysToElement on session 69921f86255bfab24c52193f43aab017 to remote" [_thread_blocked, id=9016, stack(0x0000005efdd00000,0x0000005efde00000)]
  0x0000016868f9c800 JavaThread "Reference Handler" daemon [_thread_blocked, id=3236, stack(0x0000005efe400000,0x0000005efe500000)]
  0x0000016868fa5000 JavaThread "Finalizer" daemon [_thread_blocked, id=6792, stack(0x0000005efe500000,0x0000005efe600000)]
  0x0000016868ff8000 JavaThread "Signal Dispatcher" daemon [_thread_blocked, id=11116, stack(0x0000005efe600000,0x0000005efe700000)]
  0x0000016868ffa000 JavaThread "Attach Listener" daemon [_thread_blocked, id=3860, stack(0x0000005efe700000,0x0000005efe800000)]
  0x0000016868ffd000 JavaThread "C2 CompilerThread0" daemon [_thread_in_native, id=18904, stack(0x0000005efe800000,0x0000005efe900000)]
  0x000001686900b800 JavaThread "C1 CompilerThread0" daemon [_thread_blocked, id=8804, stack(0x0000005efe900000,0x0000005efea00000)]
  0x000001686900f000 JavaThread "Sweeper thread" daemon [_thread_blocked, id=8932, stack(0x0000005efea00000,0x0000005efeb00000)]
  0x0000016868732800 JavaThread "Common-Cleaner" daemon [_thread_blocked, id=1232, stack(0x0000005efeb00000,0x0000005efec00000)]
  0x00000168695f6800 JavaThread "Monitor Ctrl-Break" daemon [_thread_in_native, id=17088, stack(0x0000005efed00000,0x0000005efee00000)]
  0x00000168695f7000 JavaThread "Service Thread" daemon [_thread_blocked, id=3324, stack(0x0000005efee00000,0x0000005efef00000)]
  0x000001686ac08800 JavaThread "ForkJoinPool.commonPool-worker-3" daemon [_thread_blocked, id=11900, stack(0x0000005eff500000,0x0000005eff600000)]
  0x000001686ab9a800 JavaThread "AsyncHttpClient-1-1" daemon [_thread_blocked, id=10352, stack(0x0000005eff600000,0x0000005eff700000)]
  0x000001686ac85000 JavaThread "Exec Default Executor" daemon [_thread_in_native, id=16068, stack(0x0000005eff000000,0x0000005eff100000)]
  0x0000016869a2f800 JavaThread "Driver Service Executor" daemon [_thread_blocked, id=13496, stack(0x0000005eff700000,0x0000005eff800000)]
  0x000001686af8e800 JavaThread "Driver Service Executor" daemon [_thread_blocked, id=2680, stack(0x0000005eff800000,0x0000005eff900000)]
  0x000001686b10f000 JavaThread "UrlChecker-2" daemon [_thread_blocked, id=17500, stack(0x0000005eff900000,0x0000005effa00000)]
  0x000001686b08b800 JavaThread "Exec Stream Pumper" daemon [_thread_in_native, id=16524, stack(0x0000005effb00000,0x0000005effc00000)]
  0x000001686ac3f000 JavaThread "Exec Stream Pumper" daemon [_thread_in_native, id=8912, stack(0x0000005effc00000,0x0000005effd00000)]
  0x000001686b251000 JavaThread "AsyncHttpClient-1-2" daemon [_thread_in_native, id=796, stack(0x0000005effe00000,0x0000005efff00000)]
  0x000001686b253800 JavaThread "AsyncHttpClient-1-3" daemon [_thread_in_native, id=12612, stack(0x0000005effd00000,0x0000005effe00000)]
  0x000001686b253000 JavaThread "AsyncHttpClient-1-4" daemon [_thread_in_native, id=1108, stack(0x0000005efff00000,0x0000005f00000000)]
=>0x000001686a752000 JavaThread "C2 CompilerThread1" daemon [_thread_in_native, id=5048, stack(0x0000005efec00000,0x0000005efed00000)]
  0x000001686a5ed000 JavaThread "C2 CompilerThread2" daemon [_thread_in_native, id=10896, stack(0x0000005e80000000,0x0000005e80100000)]

Other Threads:
  0x0000016868f79000 VMThread "VM Thread" [stack: 0x0000005efe300000,0x0000005efe400000] [id=11124]
  0x0000016869359800 WatcherThread [stack: 0x0000005efef00000,0x0000005eff000000] [id=8824]
  0x0000016847343000 GCTaskThread "GC Thread#0" [stack: 0x0000005efde00000,0x0000005efdf00000] [id=15888]
  0x0000016869b21800 GCTaskThread "GC Thread#1" [stack: 0x0000005eff100000,0x0000005eff200000] [id=17468]
  0x0000016869aed800 GCTaskThread "GC Thread#2" [stack: 0x0000005eff200000,0x0000005eff300000] [id=11036]
  0x0000016869f1e000 GCTaskThread "GC Thread#3" [stack: 0x0000005eff300000,0x0000005eff400000] [id=8988]
  0x000001684738a000 ConcurrentGCThread "G1 Main Marker" [stack: 0x0000005efdf00000,0x0000005efe000000] [id=12776]
  0x000001684738d800 ConcurrentGCThread "G1 Conc#0" [stack: 0x0000005efe000000,0x0000005efe100000] [id=17212]
  0x000001686aa8d800 ConcurrentGCThread "G1 Conc#1" [stack: 0x0000005eff400000,0x0000005eff500000] [id=17920]
  0x00000168685de800 ConcurrentGCThread "G1 Refine#0" [stack: 0x0000005efe100000,0x0000005efe200000] [id=10104]
  0x00000168685df800 ConcurrentGCThread "G1 Young RemSet Sampling" [stack: 0x0000005efe200000,0x0000005efe300000] [id=17940]

Threads with active compile tasks:
C2 CompilerThread0  16636 3993       4       org.yaml.snakeyaml.scanner.ScannerImpl::fetchMoreTokens (503 bytes)
C2 CompilerThread1  16636 4043       4       java.util.regex.Pattern::compile (498 bytes)
C2 CompilerThread2  16636 4059       4       org.yaml.snakeyaml.resolver.Resolver::resolve (264 bytes)

VM state:not at safepoint (normal execution)

VM Mutex/Monitor currently owned by a thread: None

Heap address: 0x0000000741a00000, size: 3046 MB, Compressed Oops mode: Zero based, Oop shift amount: 3
Narrow klass base: 0x0000000800000000, Narrow klass shift: 0
Compressed class space size: 1073741824 Address: 0x0000000800000000

Heap:
 garbage-first heap   total 196608K, used 95692K [0x0000000741a00000, 0x0000000800000000)
  region size 1024K, 70 young (71680K), 10 survivors (10240K)
 Metaspace       used 39437K, capacity 40571K, committed 40784K, reserved 1085440K
  class space    used 4581K, capacity 5036K, committed 5120K, reserved 1048576K
Heap Regions: E=young(eden), S=young(survivor), O=old, HS=humongous(starts), HC=humongous(continues), CS=collection set, F=free, A=archive, TAMS=top-at-mark-start (previous, next)
|   0|0x0000000741a00000, 0x0000000741b00000, 0x0000000741b00000|100%|HS|  |TAMS 0x0000000741b00000, 0x0000000741a00000| Complete 
|   1|0x0000000741b00000, 0x0000000741c00000, 0x0000000741c00000|100%| O|  |TAMS 0x0000000741c00000, 0x0000000741b00000| Untracked 
|   2|0x0000000741c00000, 0x0000000741d00000, 0x0000000741d00000|100%| O|  |TAMS 0x0000000741d00000, 0x0000000741c00000| Untracked 
|   3|0x0000000741d00000, 0x0000000741e00000, 0x0000000741e00000|100%| O|  |TAMS 0x0000000741e00000, 0x0000000741d00000| Untracked 
|   4|0x0000000741e00000, 0x0000000741f00000, 0x0000000741f00000|100%| O|  |TAMS 0x0000000741f00000, 0x0000000741e00000| Untracked 
|   5|0x0000000741f00000, 0x0000000742000000, 0x0000000742000000|100%| O|  |TAMS 0x0000000742000000, 0x0000000741f00000| Untracked 
|   6|0x0000000742000000, 0x0000000742100000, 0x0000000742100000|100%| O|  |TAMS 0x0000000742100000, 0x0000000742000000| Untracked 
|   7|0x0000000742100000, 0x00000007421bc008, 0x0000000742200000| 73%| O|  |TAMS 0x00000007421bc008, 0x0000000742100000| Untracked 
|   8|0x0000000742200000, 0x0000000742300000, 0x0000000742300000|100%|HS|  |TAMS 0x0000000742200000, 0x0000000742200000| Complete 
|   9|0x0000000742300000, 0x0000000742400000, 0x0000000742400000|100%|HC|  |TAMS 0x0000000742300000, 0x0000000742300000| Complete 
|  10|0x0000000742400000, 0x0000000742500000, 0x0000000742500000|100%|HC|  |TAMS 0x0000000742400000, 0x0000000742400000| Complete 
|  11|0x0000000742500000, 0x0000000742600000, 0x0000000742600000|100%|HC|  |TAMS 0x0000000742500000, 0x0000000742500000| Complete 
|  12|0x0000000742600000, 0x0000000742700000, 0x0000000742700000|100%|HC|  |TAMS 0x0000000742600000, 0x0000000742600000| Complete 
|  13|0x0000000742700000, 0x0000000742800000, 0x0000000742800000|100%|HC|  |TAMS 0x0000000742700000, 0x0000000742700000| Complete 
|  14|0x0000000742800000, 0x0000000742900000, 0x0000000742900000|100%|HC|  |TAMS 0x0000000742800000, 0x0000000742800000| Complete 
|  15|0x0000000742900000, 0x0000000742a00000, 0x0000000742a00000|100%|HC|  |TAMS 0x0000000742900000, 0x0000000742900000| Complete 
|  16|0x0000000742a00000, 0x0000000742b00000, 0x0000000742b00000|100%|HC|  |TAMS 0x0000000742a00000, 0x0000000742a00000| Complete 
|  17|0x0000000742b00000, 0x0000000742c00000, 0x0000000742c00000|100%|HC|  |TAMS 0x0000000742b00000, 0x0000000742b00000| Complete 
|  18|0x0000000742c00000, 0x0000000742d00000, 0x0000000742d00000|100%|HC|  |TAMS 0x0000000742c00000, 0x0000000742c00000| Complete 
|  19|0x0000000742d00000, 0x0000000742e00000, 0x0000000742e00000|100%|HC|  |TAMS 0x0000000742d00000, 0x0000000742d00000| Complete 
|  20|0x0000000742e00000, 0x0000000742f00000, 0x0000000742f00000|100%|HC|  |TAMS 0x0000000742e00000, 0x0000000742e00000| Complete 
|  21|0x0000000742f00000, 0x0000000743000000, 0x0000000743000000|100%|HC|  |TAMS 0x0000000742f00000, 0x0000000742f00000| Complete 
|  22|0x0000000743000000, 0x0000000743100000, 0x0000000743100000|100%|HC|  |TAMS 0x0000000743000000, 0x0000000743000000| Complete 
|  23|0x0000000743100000, 0x0000000743200000, 0x0000000743200000|100%|HC|  |TAMS 0x0000000743100000, 0x0000000743100000| Complete 
|  24|0x0000000743200000, 0x0000000743300000, 0x0000000743300000|100%|HC|  |TAMS 0x0000000743200000, 0x0000000743200000| Complete 
|  25|0x0000000743300000, 0x0000000743300000, 0x0000000743400000|  0%| F|  |TAMS 0x0000000743300000, 0x0000000743300000| Untracked 
|  26|0x0000000743400000, 0x0000000743400000, 0x0000000743500000|  0%| F|  |TAMS 0x0000000743400000, 0x0000000743400000| Untracked 
|  27|0x0000000743500000, 0x0000000743500000, 0x0000000743600000|  0%| F|  |TAMS 0x0000000743500000, 0x0000000743500000| Untracked 
|  28|0x0000000743600000, 0x0000000743600000, 0x0000000743700000|  0%| F|  |TAMS 0x0000000743600000, 0x0000000743600000| Untracked 
|  29|0x0000000743700000, 0x0000000743700000, 0x0000000743800000|  0%| F|  |TAMS 0x0000000743700000, 0x0000000743700000| Untracked 
|  30|0x0000000743800000, 0x0000000743800000, 0x0000000743900000|  0%| F|  |TAMS 0x0000000743800000, 0x0000000743800000| Untracked 
|  31|0x0000000743900000, 0x0000000743900000, 0x0000000743a00000|  0%| F|  |TAMS 0x0000000743900000, 0x0000000743900000| Untracked 
|  32|0x0000000743a00000, 0x0000000743a00000, 0x0000000743b00000|  0%| F|  |TAMS 0x0000000743a00000, 0x0000000743a00000| Untracked 
|  33|0x0000000743b00000, 0x0000000743b00000, 0x0000000743c00000|  0%| F|  |TAMS 0x0000000743b00000, 0x0000000743b00000| Untracked 
|  34|0x0000000743c00000, 0x0000000743c00000, 0x0000000743d00000|  0%| F|  |TAMS 0x0000000743c00000, 0x0000000743c00000| Untracked 
|  35|0x0000000743d00000, 0x0000000743d00000, 0x0000000743e00000|  0%| F|  |TAMS 0x0000000743d00000, 0x0000000743d00000| Untracked 
|  36|0x0000000743e00000, 0x0000000743e00000, 0x0000000743f00000|  0%| F|  |TAMS 0x0000000743e00000, 0x0000000743e00000| Untracked 
|  37|0x0000000743f00000, 0x0000000743f00000, 0x0000000744000000|  0%| F|  |TAMS 0x0000000743f00000, 0x0000000743f00000| Untracked 
|  38|0x0000000744000000, 0x0000000744000000, 0x0000000744100000|  0%| F|  |TAMS 0x0000000744000000, 0x0000000744000000| Untracked 
|  39|0x0000000744100000, 0x0000000744100000, 0x0000000744200000|  0%| F|  |TAMS 0x0000000744100000, 0x0000000744100000| Untracked 
|  40|0x0000000744200000, 0x0000000744200000, 0x0000000744300000|  0%| F|  |TAMS 0x0000000744200000, 0x0000000744200000| Untracked 
|  41|0x0000000744300000, 0x0000000744300000, 0x0000000744400000|  0%| F|  |TAMS 0x0000000744300000, 0x0000000744300000| Untracked 
|  42|0x0000000744400000, 0x0000000744400000, 0x0000000744500000|  0%| F|  |TAMS 0x0000000744400000, 0x0000000744400000| Untracked 
|  43|0x0000000744500000, 0x0000000744500000, 0x0000000744600000|  0%| F|  |TAMS 0x0000000744500000, 0x0000000744500000| Untracked 
|  44|0x0000000744600000, 0x0000000744600000, 0x0000000744700000|  0%| F|  |TAMS 0x0000000744600000, 0x0000000744600000| Untracked 
|  45|0x0000000744700000, 0x0000000744700000, 0x0000000744800000|  0%| F|  |TAMS 0x0000000744700000, 0x0000000744700000| Untracked 
|  46|0x0000000744800000, 0x0000000744800000, 0x0000000744900000|  0%| F|  |TAMS 0x0000000744800000, 0x0000000744800000| Untracked 
|  47|0x0000000744900000, 0x0000000744900000, 0x0000000744a00000|  0%| F|  |TAMS 0x0000000744900000, 0x0000000744900000| Untracked 
|  48|0x0000000744a00000, 0x0000000744a00000, 0x0000000744b00000|  0%| F|  |TAMS 0x0000000744a00000, 0x0000000744a00000| Untracked 
|  49|0x0000000744b00000, 0x0000000744b00000, 0x0000000744c00000|  0%| F|  |TAMS 0x0000000744b00000, 0x0000000744b00000| Untracked 
|  50|0x0000000744c00000, 0x0000000744c00000, 0x0000000744d00000|  0%| F|  |TAMS 0x0000000744c00000, 0x0000000744c00000| Untracked 
|  51|0x0000000744d00000, 0x0000000744d00000, 0x0000000744e00000|  0%| F|  |TAMS 0x0000000744d00000, 0x0000000744d00000| Untracked 
|  52|0x0000000744e00000, 0x0000000744e00000, 0x0000000744f00000|  0%| F|  |TAMS 0x0000000744e00000, 0x0000000744e00000| Untracked 
|  53|0x0000000744f00000, 0x0000000744f00000, 0x0000000745000000|  0%| F|  |TAMS 0x0000000744f00000, 0x0000000744f00000| Untracked 
|  54|0x0000000745000000, 0x0000000745000000, 0x0000000745100000|  0%| F|  |TAMS 0x0000000745000000, 0x0000000745000000| Untracked 
|  55|0x0000000745100000, 0x0000000745100000, 0x0000000745200000|  0%| F|  |TAMS 0x0000000745100000, 0x0000000745100000| Untracked 
|  56|0x0000000745200000, 0x0000000745200000, 0x0000000745300000|  0%| F|  |TAMS 0x0000000745200000, 0x0000000745200000| Untracked 
|  57|0x0000000745300000, 0x0000000745300000, 0x0000000745400000|  0%| F|  |TAMS 0x0000000745300000, 0x0000000745300000| Untracked 
|  58|0x0000000745400000, 0x0000000745400000, 0x0000000745500000|  0%| F|  |TAMS 0x0000000745400000, 0x0000000745400000| Untracked 
|  59|0x0000000745500000, 0x0000000745500000, 0x0000000745600000|  0%| F|  |TAMS 0x0000000745500000, 0x0000000745500000| Untracked 
|  60|0x0000000745600000, 0x0000000745600000, 0x0000000745700000|  0%| F|  |TAMS 0x0000000745600000, 0x0000000745600000| Untracked 
|  61|0x0000000745700000, 0x0000000745700000, 0x0000000745800000|  0%| F|  |TAMS 0x0000000745700000, 0x0000000745700000| Untracked 
|  62|0x0000000745800000, 0x0000000745800000, 0x0000000745900000|  0%| F|  |TAMS 0x0000000745800000, 0x0000000745800000| Untracked 
|  63|0x0000000745900000, 0x0000000745900000, 0x0000000745a00000|  0%| F|  |TAMS 0x0000000745900000, 0x0000000745900000| Untracked 
|  64|0x0000000745a00000, 0x0000000745a00000, 0x0000000745b00000|  0%| F|  |TAMS 0x0000000745a00000, 0x0000000745a00000| Untracked 
|  65|0x0000000745b00000, 0x0000000745b00000, 0x0000000745c00000|  0%| F|  |TAMS 0x0000000745b00000, 0x0000000745b00000| Untracked 
|  66|0x0000000745c00000, 0x0000000745c00000, 0x0000000745d00000|  0%| F|  |TAMS 0x0000000745c00000, 0x0000000745c00000| Untracked 
|  67|0x0000000745d00000, 0x0000000745d00000, 0x0000000745e00000|  0%| F|  |TAMS 0x0000000745d00000, 0x0000000745d00000| Untracked 
|  68|0x0000000745e00000, 0x0000000745e00000, 0x0000000745f00000|  0%| F|  |TAMS 0x0000000745e00000, 0x0000000745e00000| Untracked 
|  69|0x0000000745f00000, 0x0000000745f00000, 0x0000000746000000|  0%| F|  |TAMS 0x0000000745f00000, 0x0000000745f00000| Untracked 
|  70|0x0000000746000000, 0x0000000746000000, 0x0000000746100000|  0%| F|  |TAMS 0x0000000746000000, 0x0000000746000000| Untracked 
|  71|0x0000000746100000, 0x0000000746100000, 0x0000000746200000|  0%| F|  |TAMS 0x0000000746100000, 0x0000000746100000| Untracked 
|  72|0x0000000746200000, 0x0000000746200000, 0x0000000746300000|  0%| F|  |TAMS 0x0000000746200000, 0x0000000746200000| Untracked 
|  73|0x0000000746300000, 0x0000000746300000, 0x0000000746400000|  0%| F|  |TAMS 0x0000000746300000, 0x0000000746300000| Untracked 
|  74|0x0000000746400000, 0x0000000746400000, 0x0000000746500000|  0%| F|  |TAMS 0x0000000746400000, 0x0000000746400000| Untracked 
|  75|0x0000000746500000, 0x0000000746500000, 0x0000000746600000|  0%| F|  |TAMS 0x0000000746500000, 0x0000000746500000| Untracked 
|  76|0x0000000746600000, 0x0000000746600000, 0x0000000746700000|  0%| F|  |TAMS 0x0000000746600000, 0x0000000746600000| Untracked 
|  77|0x0000000746700000, 0x0000000746700000, 0x0000000746800000|  0%| F|  |TAMS 0x0000000746700000, 0x0000000746700000| Untracked 
|  78|0x0000000746800000, 0x0000000746800000, 0x0000000746900000|  0%| F|  |TAMS 0x0000000746800000, 0x0000000746800000| Untracked 
|  79|0x0000000746900000, 0x0000000746900000, 0x0000000746a00000|  0%| F|  |TAMS 0x0000000746900000, 0x0000000746900000| Untracked 
|  80|0x0000000746a00000, 0x0000000746a00000, 0x0000000746b00000|  0%| F|  |TAMS 0x0000000746a00000, 0x0000000746a00000| Untracked 
|  81|0x0000000746b00000, 0x0000000746b00000, 0x0000000746c00000|  0%| F|  |TAMS 0x0000000746b00000, 0x0000000746b00000| Untracked 
|  82|0x0000000746c00000, 0x0000000746c00000, 0x0000000746d00000|  0%| F|  |TAMS 0x0000000746c00000, 0x0000000746c00000| Untracked 
|  83|0x0000000746d00000, 0x0000000746d00000, 0x0000000746e00000|  0%| F|  |TAMS 0x0000000746d00000, 0x0000000746d00000| Untracked 
|  84|0x0000000746e00000, 0x0000000746e00000, 0x0000000746f00000|  0%| F|  |TAMS 0x0000000746e00000, 0x0000000746e00000| Untracked 
|  85|0x0000000746f00000, 0x0000000746f00000, 0x0000000747000000|  0%| F|  |TAMS 0x0000000746f00000, 0x0000000746f00000| Untracked 
|  86|0x0000000747000000, 0x0000000747000000, 0x0000000747100000|  0%| F|  |TAMS 0x0000000747000000, 0x0000000747000000| Untracked 
|  87|0x0000000747100000, 0x0000000747100000, 0x0000000747200000|  0%| F|  |TAMS 0x0000000747100000, 0x0000000747100000| Untracked 
|  88|0x0000000747200000, 0x0000000747200000, 0x0000000747300000|  0%| F|  |TAMS 0x0000000747200000, 0x0000000747200000| Untracked 
|  89|0x0000000747300000, 0x0000000747300000, 0x0000000747400000|  0%| F|  |TAMS 0x0000000747300000, 0x0000000747300000| Untracked 
|  90|0x0000000747400000, 0x00000007474b72c0, 0x0000000747500000| 71%| S|CS|TAMS 0x0000000747400000, 0x0000000747400000| Complete 
|  91|0x0000000747500000, 0x0000000747600000, 0x0000000747600000|100%| S|CS|TAMS 0x0000000747500000, 0x0000000747500000| Complete 
|  92|0x0000000747600000, 0x0000000747700000, 0x0000000747700000|100%| S|CS|TAMS 0x0000000747600000, 0x0000000747600000| Complete 
|  93|0x0000000747700000, 0x0000000747800000, 0x0000000747800000|100%| S|CS|TAMS 0x0000000747700000, 0x0000000747700000| Complete 
|  94|0x0000000747800000, 0x0000000747800000, 0x0000000747900000|  0%| F|  |TAMS 0x0000000747800000, 0x0000000747800000| Untracked 
|  95|0x0000000747900000, 0x0000000747900000, 0x0000000747a00000|  0%| F|  |TAMS 0x0000000747900000, 0x0000000747900000| Untracked 
|  96|0x0000000747a00000, 0x0000000747a00000, 0x0000000747b00000|  0%| F|  |TAMS 0x0000000747a00000, 0x0000000747a00000| Untracked 
|  97|0x0000000747b00000, 0x0000000747b00000, 0x0000000747c00000|  0%| F|  |TAMS 0x0000000747b00000, 0x0000000747b00000| Untracked 
|  98|0x0000000747c00000, 0x0000000747c00000, 0x0000000747d00000|  0%| F|  |TAMS 0x0000000747c00000, 0x0000000747c00000| Untracked 
|  99|0x0000000747d00000, 0x0000000747d00000, 0x0000000747e00000|  0%| F|  |TAMS 0x0000000747d00000, 0x0000000747d00000| Untracked 
| 100|0x0000000747e00000, 0x0000000747e00000, 0x0000000747f00000|  0%| F|  |TAMS 0x0000000747e00000, 0x0000000747e00000| Untracked 
| 101|0x0000000747f00000, 0x0000000748000000, 0x0000000748000000|100%| S|CS|TAMS 0x0000000747f00000, 0x0000000747f00000| Complete 
| 102|0x0000000748000000, 0x0000000748100000, 0x0000000748100000|100%| S|CS|TAMS 0x0000000748000000, 0x0000000748000000| Complete 
| 103|0x0000000748100000, 0x0000000748200000, 0x0000000748200000|100%| S|CS|TAMS 0x0000000748100000, 0x0000000748100000| Complete 
| 104|0x0000000748200000, 0x0000000748300000, 0x0000000748300000|100%| S|CS|TAMS 0x0000000748200000, 0x0000000748200000| Complete 
| 105|0x0000000748300000, 0x0000000748400000, 0x0000000748400000|100%| S|CS|TAMS 0x0000000748300000, 0x0000000748300000| Complete 
| 106|0x0000000748400000, 0x0000000748500000, 0x0000000748500000|100%| S|CS|TAMS 0x0000000748400000, 0x0000000748400000| Complete 
| 107|0x0000000748500000, 0x0000000748500000, 0x0000000748600000|  0%| F|  |TAMS 0x0000000748500000, 0x0000000748500000| Untracked 
| 108|0x0000000748600000, 0x0000000748600000, 0x0000000748700000|  0%| F|  |TAMS 0x0000000748600000, 0x0000000748600000| Untracked 
| 109|0x0000000748700000, 0x0000000748700000, 0x0000000748800000|  0%| F|  |TAMS 0x0000000748700000, 0x0000000748700000| Untracked 
| 110|0x0000000748800000, 0x0000000748800000, 0x0000000748900000|  0%| F|  |TAMS 0x0000000748800000, 0x0000000748800000| Untracked 
| 111|0x0000000748900000, 0x0000000748900000, 0x0000000748a00000|  0%| F|  |TAMS 0x0000000748900000, 0x0000000748900000| Untracked 
| 112|0x0000000748a00000, 0x0000000748a00000, 0x0000000748b00000|  0%| F|  |TAMS 0x0000000748a00000, 0x0000000748a00000| Untracked 
| 113|0x0000000748b00000, 0x0000000748b00000, 0x0000000748c00000|  0%| F|  |TAMS 0x0000000748b00000, 0x0000000748b00000| Untracked 
| 114|0x0000000748c00000, 0x0000000748c00000, 0x0000000748d00000|  0%| F|  |TAMS 0x0000000748c00000, 0x0000000748c00000| Untracked 
| 115|0x0000000748d00000, 0x0000000748d00000, 0x0000000748e00000|  0%| F|  |TAMS 0x0000000748d00000, 0x0000000748d00000| Untracked 
| 116|0x0000000748e00000, 0x0000000748e00000, 0x0000000748f00000|  0%| F|  |TAMS 0x0000000748e00000, 0x0000000748e00000| Untracked 
| 117|0x0000000748f00000, 0x0000000748f00000, 0x0000000749000000|  0%| F|  |TAMS 0x0000000748f00000, 0x0000000748f00000| Untracked 
| 118|0x0000000749000000, 0x0000000749000000, 0x0000000749100000|  0%| F|  |TAMS 0x0000000749000000, 0x0000000749000000| Untracked 
| 119|0x0000000749100000, 0x0000000749100000, 0x0000000749200000|  0%| F|  |TAMS 0x0000000749100000, 0x0000000749100000| Untracked 
| 120|0x0000000749200000, 0x0000000749200000, 0x0000000749300000|  0%| F|  |TAMS 0x0000000749200000, 0x0000000749200000| Untracked 
| 121|0x0000000749300000, 0x0000000749300000, 0x0000000749400000|  0%| F|  |TAMS 0x0000000749300000, 0x0000000749300000| Untracked 
| 122|0x0000000749400000, 0x0000000749400000, 0x0000000749500000|  0%| F|  |TAMS 0x0000000749400000, 0x0000000749400000| Untracked 
| 123|0x0000000749500000, 0x0000000749500000, 0x0000000749600000|  0%| F|  |TAMS 0x0000000749500000, 0x0000000749500000| Untracked 
| 124|0x0000000749600000, 0x0000000749600000, 0x0000000749700000|  0%| F|  |TAMS 0x0000000749600000, 0x0000000749600000| Untracked 
| 125|0x0000000749700000, 0x0000000749700000, 0x0000000749800000|  0%| F|  |TAMS 0x0000000749700000, 0x0000000749700000| Untracked 
| 126|0x0000000749800000, 0x0000000749800000, 0x0000000749900000|  0%| F|  |TAMS 0x0000000749800000, 0x0000000749800000| Untracked 
| 127|0x0000000749900000, 0x0000000749900000, 0x0000000749a00000|  0%| F|  |TAMS 0x0000000749900000, 0x0000000749900000| Untracked 
| 128|0x0000000749a00000, 0x0000000749a00000, 0x0000000749b00000|  0%| F|  |TAMS 0x0000000749a00000, 0x0000000749a00000| Untracked 
| 129|0x0000000749b00000, 0x0000000749b00000, 0x0000000749c00000|  0%| F|  |TAMS 0x0000000749b00000, 0x0000000749b00000| Untracked 
| 130|0x0000000749c00000, 0x0000000749c00000, 0x0000000749d00000|  0%| F|  |TAMS 0x0000000749c00000, 0x0000000749c00000| Untracked 
| 131|0x0000000749d00000, 0x0000000749d00000, 0x0000000749e00000|  0%| F|  |TAMS 0x0000000749d00000, 0x0000000749d00000| Untracked 
| 132|0x0000000749e00000, 0x0000000749e88010, 0x0000000749f00000| 53%| E|  |TAMS 0x0000000749e00000, 0x0000000749e00000| Complete 
| 133|0x0000000749f00000, 0x000000074a000000, 0x000000074a000000|100%| E|CS|TAMS 0x0000000749f00000, 0x0000000749f00000| Complete 
| 134|0x000000074a000000, 0x000000074a100000, 0x000000074a100000|100%| E|CS|TAMS 0x000000074a000000, 0x000000074a000000| Complete 
| 135|0x000000074a100000, 0x000000074a200000, 0x000000074a200000|100%| E|CS|TAMS 0x000000074a100000, 0x000000074a100000| Complete 
| 136|0x000000074a200000, 0x000000074a300000, 0x000000074a300000|100%| E|CS|TAMS 0x000000074a200000, 0x000000074a200000| Complete 
| 137|0x000000074a300000, 0x000000074a400000, 0x000000074a400000|100%| E|CS|TAMS 0x000000074a300000, 0x000000074a300000| Complete 
| 138|0x000000074a400000, 0x000000074a500000, 0x000000074a500000|100%| E|CS|TAMS 0x000000074a400000, 0x000000074a400000| Complete 
| 139|0x000000074a500000, 0x000000074a600000, 0x000000074a600000|100%| E|CS|TAMS 0x000000074a500000, 0x000000074a500000| Complete 
| 140|0x000000074a600000, 0x000000074a700000, 0x000000074a700000|100%| E|CS|TAMS 0x000000074a600000, 0x000000074a600000| Complete 
| 141|0x000000074a700000, 0x000000074a800000, 0x000000074a800000|100%| E|CS|TAMS 0x000000074a700000, 0x000000074a700000| Complete 
| 142|0x000000074a800000, 0x000000074a900000, 0x000000074a900000|100%| E|CS|TAMS 0x000000074a800000, 0x000000074a800000| Complete 
| 143|0x000000074a900000, 0x000000074aa00000, 0x000000074aa00000|100%| E|CS|TAMS 0x000000074a900000, 0x000000074a900000| Complete 
| 144|0x000000074aa00000, 0x000000074ab00000, 0x000000074ab00000|100%| E|CS|TAMS 0x000000074aa00000, 0x000000074aa00000| Complete 
| 145|0x000000074ab00000, 0x000000074ac00000, 0x000000074ac00000|100%| E|CS|TAMS 0x000000074ab00000, 0x000000074ab00000| Complete 
| 146|0x000000074ac00000, 0x000000074ad00000, 0x000000074ad00000|100%| E|CS|TAMS 0x000000074ac00000, 0x000000074ac00000| Complete 
| 147|0x000000074ad00000, 0x000000074ae00000, 0x000000074ae00000|100%| E|CS|TAMS 0x000000074ad00000, 0x000000074ad00000| Complete 
| 148|0x000000074ae00000, 0x000000074af00000, 0x000000074af00000|100%| E|CS|TAMS 0x000000074ae00000, 0x000000074ae00000| Complete 
| 149|0x000000074af00000, 0x000000074b000000, 0x000000074b000000|100%| E|CS|TAMS 0x000000074af00000, 0x000000074af00000| Complete 
| 150|0x000000074b000000, 0x000000074b100000, 0x000000074b100000|100%| E|CS|TAMS 0x000000074b000000, 0x000000074b000000| Complete 
| 151|0x000000074b100000, 0x000000074b200000, 0x000000074b200000|100%| E|CS|TAMS 0x000000074b100000, 0x000000074b100000| Complete 
| 152|0x000000074b200000, 0x000000074b300000, 0x000000074b300000|100%| E|CS|TAMS 0x000000074b200000, 0x000000074b200000| Complete 
| 153|0x000000074b300000, 0x000000074b400000, 0x000000074b400000|100%| E|CS|TAMS 0x000000074b300000, 0x000000074b300000| Complete 
| 154|0x000000074b400000, 0x000000074b500000, 0x000000074b500000|100%| E|CS|TAMS 0x000000074b400000, 0x000000074b400000| Complete 
| 155|0x000000074b500000, 0x000000074b600000, 0x000000074b600000|100%| E|CS|TAMS 0x000000074b500000, 0x000000074b500000| Complete 
| 156|0x000000074b600000, 0x000000074b700000, 0x000000074b700000|100%| E|CS|TAMS 0x000000074b600000, 0x000000074b600000| Complete 
| 157|0x000000074b700000, 0x000000074b800000, 0x000000074b800000|100%| E|CS|TAMS 0x000000074b700000, 0x000000074b700000| Complete 
| 158|0x000000074b800000, 0x000000074b900000, 0x000000074b900000|100%| E|CS|TAMS 0x000000074b800000, 0x000000074b800000| Complete 
| 159|0x000000074b900000, 0x000000074ba00000, 0x000000074ba00000|100%| E|CS|TAMS 0x000000074b900000, 0x000000074b900000| Complete 
| 160|0x000000074ba00000, 0x000000074bb00000, 0x000000074bb00000|100%| E|CS|TAMS 0x000000074ba00000, 0x000000074ba00000| Complete 
| 161|0x000000074bb00000, 0x000000074bc00000, 0x000000074bc00000|100%| E|CS|TAMS 0x000000074bb00000, 0x000000074bb00000| Complete 
| 162|0x000000074bc00000, 0x000000074bd00000, 0x000000074bd00000|100%| E|CS|TAMS 0x000000074bc00000, 0x000000074bc00000| Complete 
| 163|0x000000074bd00000, 0x000000074be00000, 0x000000074be00000|100%| E|CS|TAMS 0x000000074bd00000, 0x000000074bd00000| Complete 
| 164|0x000000074be00000, 0x000000074bf00000, 0x000000074bf00000|100%| E|CS|TAMS 0x000000074be00000, 0x000000074be00000| Complete 
| 165|0x000000074bf00000, 0x000000074c000000, 0x000000074c000000|100%| E|CS|TAMS 0x000000074bf00000, 0x000000074bf00000| Complete 
| 166|0x000000074c000000, 0x000000074c100000, 0x000000074c100000|100%| E|CS|TAMS 0x000000074c000000, 0x000000074c000000| Complete 
| 167|0x000000074c100000, 0x000000074c200000, 0x000000074c200000|100%| E|CS|TAMS 0x000000074c100000, 0x000000074c100000| Complete 
| 168|0x000000074c200000, 0x000000074c300000, 0x000000074c300000|100%| E|CS|TAMS 0x000000074c200000, 0x000000074c200000| Complete 
| 169|0x000000074c300000, 0x000000074c400000, 0x000000074c400000|100%| E|CS|TAMS 0x000000074c300000, 0x000000074c300000| Complete 
| 170|0x000000074c400000, 0x000000074c500000, 0x000000074c500000|100%| E|CS|TAMS 0x000000074c400000, 0x000000074c400000| Complete 
| 171|0x000000074c500000, 0x000000074c600000, 0x000000074c600000|100%| E|CS|TAMS 0x000000074c500000, 0x000000074c500000| Complete 
| 172|0x000000074c600000, 0x000000074c700000, 0x000000074c700000|100%| E|CS|TAMS 0x000000074c600000, 0x000000074c600000| Complete 
| 173|0x000000074c700000, 0x000000074c800000, 0x000000074c800000|100%| E|CS|TAMS 0x000000074c700000, 0x000000074c700000| Complete 
| 174|0x000000074c800000, 0x000000074c900000, 0x000000074c900000|100%| E|CS|TAMS 0x000000074c800000, 0x000000074c800000| Complete 
| 175|0x000000074c900000, 0x000000074ca00000, 0x000000074ca00000|100%| E|CS|TAMS 0x000000074c900000, 0x000000074c900000| Complete 
| 176|0x000000074ca00000, 0x000000074cb00000, 0x000000074cb00000|100%| E|CS|TAMS 0x000000074ca00000, 0x000000074ca00000| Complete 
| 177|0x000000074cb00000, 0x000000074cc00000, 0x000000074cc00000|100%| E|CS|TAMS 0x000000074cb00000, 0x000000074cb00000| Complete 
| 178|0x000000074cc00000, 0x000000074cd00000, 0x000000074cd00000|100%| E|CS|TAMS 0x000000074cc00000, 0x000000074cc00000| Complete 
| 179|0x000000074cd00000, 0x000000074ce00000, 0x000000074ce00000|100%| E|CS|TAMS 0x000000074cd00000, 0x000000074cd00000| Complete 
| 180|0x000000074ce00000, 0x000000074cf00000, 0x000000074cf00000|100%| E|CS|TAMS 0x000000074ce00000, 0x000000074ce00000| Complete 
| 181|0x000000074cf00000, 0x000000074d000000, 0x000000074d000000|100%| E|CS|TAMS 0x000000074cf00000, 0x000000074cf00000| Complete 
| 182|0x000000074d000000, 0x000000074d100000, 0x000000074d100000|100%| E|CS|TAMS 0x000000074d000000, 0x000000074d000000| Complete 
| 183|0x000000074d100000, 0x000000074d200000, 0x000000074d200000|100%| E|CS|TAMS 0x000000074d100000, 0x000000074d100000| Complete 
| 184|0x000000074d200000, 0x000000074d300000, 0x000000074d300000|100%| E|CS|TAMS 0x000000074d200000, 0x000000074d200000| Complete 
| 185|0x000000074d300000, 0x000000074d400000, 0x000000074d400000|100%| E|CS|TAMS 0x000000074d300000, 0x000000074d300000| Complete 
| 186|0x000000074d400000, 0x000000074d500000, 0x000000074d500000|100%| E|CS|TAMS 0x000000074d400000, 0x000000074d400000| Complete 
| 187|0x000000074d500000, 0x000000074d600000, 0x000000074d600000|100%| E|CS|TAMS 0x000000074d500000, 0x000000074d500000| Complete 
| 188|0x000000074d600000, 0x000000074d700000, 0x000000074d700000|100%| E|CS|TAMS 0x000000074d600000, 0x000000074d600000| Complete 
| 189|0x000000074d700000, 0x000000074d800000, 0x000000074d800000|100%| E|CS|TAMS 0x000000074d700000, 0x000000074d700000| Complete 
| 190|0x000000074d800000, 0x000000074d900000, 0x000000074d900000|100%| E|CS|TAMS 0x000000074d800000, 0x000000074d800000| Complete 
| 191|0x000000074d900000, 0x000000074da00000, 0x000000074da00000|100%| E|CS|TAMS 0x000000074d900000, 0x000000074d900000| Complete 

Card table byte_map: [0x000001685f0d0000,0x000001685f6d0000] _byte_map_base: 0x000001685b6c3000

Marking Bits (Prev, Next): (CMBitMap*) 0x000001684737d648, (CMBitMap*) 0x000001684737d680
 Prev Bits: [0x000001685fcd0000, 0x0000016862c68000)
 Next Bits: [0x0000016862c70000, 0x0000016865c08000)

Polling page: 0x0000016845210000

Metaspace:

Usage:
  Non-class:     34.70 MB capacity,    34.04 MB ( 98%) used,   546.48 KB (  2%) free+waste,   132.56 KB ( <1%) overhead. 
      Class:      4.92 MB capacity,     4.47 MB ( 91%) used,   391.52 KB (  8%) free+waste,    63.38 KB (  1%) overhead. 
       Both:     39.62 MB capacity,    38.51 MB ( 97%) used,   938.01 KB (  2%) free+waste,   195.94 KB ( <1%) overhead. 

Virtual space:
  Non-class space:       36.00 MB reserved,      34.83 MB ( 97%) committed 
      Class space:        1.00 GB reserved,       5.00 MB ( <1%) committed 
             Both:        1.04 GB reserved,      39.83 MB (  4%) committed 

Chunk freelists:
   Non-Class:  128 bytes
       Class:  2.50 KB
        Both:  2.63 KB

CodeHeap 'non-profiled nmethods': size=120000Kb used=1672Kb max_used=1672Kb free=118327Kb
 bounds [0x0000016857270000, 0x00000168574e0000, 0x000001685e7a0000]
CodeHeap 'profiled nmethods': size=120000Kb used=7441Kb max_used=7441Kb free=112558Kb
 bounds [0x000001684fd40000, 0x0000016850490000, 0x0000016857270000]
CodeHeap 'non-nmethods': size=5760Kb used=1206Kb max_used=1257Kb free=4553Kb
 bounds [0x000001684f7a0000, 0x000001684fa10000, 0x000001684fd40000]
 total_blobs=4114 nmethods=3568 adapters=456
 compilation: enabled
              stopped_count=0, restarted_count=0
 full_count=0

Compilation events (10 events):
Event: 16.547 Thread 0x000001686900b800 4052       3       org.yaml.snakeyaml.scanner.ScannerImpl::needMoreTokens (44 bytes)
Event: 16.547 Thread 0x000001686900b800 nmethod 4052 0x0000016850479e10 code [0x0000016850479fe0, 0x000001685047a390]
Event: 16.550 Thread 0x000001686a5ed000 nmethod 3995 0x000001685740a990 code [0x000001685740ace0, 0x000001685740e008]
Event: 16.550 Thread 0x000001686a5ed000 4055       4       org.yaml.snakeyaml.reader.StreamReader::ensureEnoughData (43 bytes)
Event: 16.551 Thread 0x000001686a5ed000 nmethod 4055 0x000001685740ff90 code [0x0000016857410120, 0x00000168574101e8]
Event: 16.551 Thread 0x000001686a5ed000 4053       4       java.lang.Character::hashCode (8 bytes)
Event: 16.551 Thread 0x000001686a5ed000 nmethod 4053 0x0000016857410290 code [0x0000016857410420, 0x0000016857410478]
Event: 16.551 Thread 0x000001686a5ed000 4054       4       org.yaml.snakeyaml.scanner.ScannerImpl::savePossibleSimpleKey (134 bytes)
Event: 16.561 Thread 0x000001686a5ed000 nmethod 4054 0x0000016857410510 code [0x0000016857410700, 0x0000016857410d18]
Event: 16.561 Thread 0x000001686a5ed000 4060       4       org.yaml.snakeyaml.scanner.ScannerImpl::stalePossibleSimpleKeys (118 bytes)

GC Heap History (6 events):
Event: 0.971 GC heap before
{Heap before GC invocations=0 (full 0):
 garbage-first heap   total 196608K, used 24576K [0x0000000741a00000, 0x0000000800000000)
  region size 1024K, 24 young (24576K), 0 survivors (0K)
 Metaspace       used 7705K, capacity 7819K, committed 8064K, reserved 1056768K
  class space    used 721K, capacity 774K, committed 896K, reserved 1048576K
}
Event: 0.976 GC heap after
{Heap after GC invocations=1 (full 0):
 garbage-first heap   total 196608K, used 7961K [0x0000000741a00000, 0x0000000800000000)
  region size 1024K, 3 young (3072K), 3 survivors (3072K)
 Metaspace       used 7705K, capacity 7819K, committed 8064K, reserved 1056768K
  class space    used 721K, capacity 774K, committed 896K, reserved 1048576K
}
Event: 3.011 GC heap before
{Heap before GC invocations=1 (full 0):
 garbage-first heap   total 196608K, used 97049K [0x0000000741a00000, 0x0000000800000000)
  region size 1024K, 91 young (93184K), 3 survivors (3072K)
 Metaspace       used 20565K, capacity 21151K, committed 21296K, reserved 1069056K
  class space    used 2142K, capacity 2371K, committed 2432K, reserved 1048576K
}
Event: 3.021 GC heap after
{Heap after GC invocations=2 (full 0):
 garbage-first heap   total 196608K, used 11508K [0x0000000741a00000, 0x0000000800000000)
  region size 1024K, 7 young (7168K), 7 survivors (7168K)
 Metaspace       used 20565K, capacity 21151K, committed 21296K, reserved 1069056K
  class space    used 2142K, capacity 2371K, committed 2432K, reserved 1048576K
}
Event: 5.627 GC heap before
{Heap before GC invocations=3 (full 0):
 garbage-first heap   total 196608K, used 97524K [0x0000000741a00000, 0x0000000800000000)
  region size 1024K, 92 young (94208K), 7 survivors (7168K)
 Metaspace       used 34857K, capacity 35828K, committed 35920K, reserved 1081344K
  class space    used 3961K, capacity 4336K, committed 4352K, reserved 1048576K
}
Event: 5.642 GC heap after
{Heap after GC invocations=4 (full 0):
 garbage-first heap   total 196608K, used 17868K [0x0000000741a00000, 0x0000000800000000)
  region size 1024K, 10 young (10240K), 10 survivors (10240K)
 Metaspace       used 34857K, capacity 35828K, committed 35920K, reserved 1081344K
  class space    used 3961K, capacity 4336K, committed 4352K, reserved 1048576K
}

Deoptimization events (10 events):
Event: 7.217 Thread 0x000001684732d800 Uncommon trap: reason=class_check action=maybe_recompile pc=0x00000168573aecb4 method=java.io.DataInputStream.readByte()B @ 4 c2
Event: 7.374 Thread 0x000001686b251000 Uncommon trap: reason=unstable_if action=reinterpret pc=0x000001685738d15c method=java.io.ByteArrayInputStream.read()I @ 8 c2
Event: 16.259 Thread 0x000001684732d800 Uncommon trap: reason=predicate action=maybe_recompile pc=0x0000016857354670 method=java.util.regex.Pattern.compile()V @ 78 c2
Event: 16.259 Thread 0x000001684732d800 Uncommon trap: reason=unstable_if action=reinterpret pc=0x00000168572eed20 method=java.lang.String.codePointAt(I)I @ 4 c2
Event: 16.273 Thread 0x000001684732d800 Uncommon trap: reason=unstable_if action=reinterpret pc=0x000001685733e6d0 method=java.util.HashMap.hash(Ljava/lang/Object;)I @ 1 c2
Event: 16.382 Thread 0x000001684732d800 Uncommon trap: reason=unstable_if action=reinterpret pc=0x00000168573ad348 method=org.yaml.snakeyaml.scanner.ScannerImpl.stalePossibleSimpleKeys()V @ 57 c2
Event: 16.388 Thread 0x000001684732d800 Uncommon trap: reason=unstable_if action=reinterpret pc=0x000001685739e2c0 method=org.yaml.snakeyaml.reader.StreamReader.ensureEnoughData(I)Z @ 34 c2
Event: 16.389 Thread 0x000001684732d800 Uncommon trap: reason=unstable_if action=reinterpret pc=0x00000168573fb2f8 method=org.yaml.snakeyaml.scanner.ScannerImpl.needMoreTokens()Z @ 4 c2
Event: 16.409 Thread 0x000001684732d800 Uncommon trap: reason=unstable_if action=reinterpret pc=0x0000016857320774 method=java.util.regex.Matcher.search(I)Z @ 85 c2
Event: 16.543 Thread 0x000001684732d800 Uncommon trap: reason=unstable_if action=reinterpret pc=0x000001685740190c method=org.yaml.snakeyaml.scanner.ScannerImpl.scanToNextToken()V @ 7 c2

Classes redefined (0 events):
No events

Internal exceptions (10 events):
Event: 4.846 Thread 0x000001684732d800 Exception <a 'java/lang/NoSuchMethodError'{0x00000007495a2a88}: java.lang.invoke.DirectMethodHandle$Holder.invokeVirtual(Ljava/lang/Object;Ljava/lang/Object;)D> (0x00000007495a2a88) thrown at [./open/src/hotspot/share/interpreter/linkResolver.cpp, line 77
Event: 4.846 Thread 0x000001684732d800 Exception <a 'java/lang/NoSuchMethodError'{0x00000007495a8878}: java.lang.invoke.DirectMethodHandle$Holder.invokeVirtual(Ljava/lang/Object;Ljava/lang/Object;)F> (0x00000007495a8878) thrown at [./open/src/hotspot/share/interpreter/linkResolver.cpp, line 77
Event: 4.847 Thread 0x000001684732d800 Exception <a 'java/lang/NoSuchMethodError'{0x00000007495b0fb8}: java.lang.invoke.DirectMethodHandle$Holder.invokeVirtual(Ljava/lang/Object;Ljava/lang/Object;)J> (0x00000007495b0fb8) thrown at [./open/src/hotspot/share/interpreter/linkResolver.cpp, line 77
Event: 4.883 Thread 0x000001684732d800 Exception <a 'java/lang/NoSuchMethodError'{0x0000000749344ff0}: java.lang.invoke.DirectMethodHandle$Holder.invokeStatic(Ljava/lang/Object;Ljava/lang/Object;I)V> (0x0000000749344ff0) thrown at [./open/src/hotspot/share/interpreter/linkResolver.cpp, line 77
Event: 4.931 Thread 0x000001684732d800 Exception <a 'java/lang/NoSuchMethodError'{0x0000000749094888}: java.lang.invoke.DirectMethodHandle$Holder.invokeSpecialIFC(Ljava/lang/Object;Ljava/lang/Object;Ljava/lang/Object;)I> (0x0000000749094888) thrown at [./open/src/hotspot/share/interpreter/link
Event: 5.021 Thread 0x000001684732d800 Exception <a 'java/lang/NoSuchMethodError'{0x0000000748a3efe0}: java.lang.invoke.DirectMethodHandle$Holder.invokeSpecial(Ljava/lang/Object;Ljava/lang/Object;Ljava/lang/Object;Ljava/lang/Object;Ljava/lang/Object;Ljava/lang/Object;)V> (0x0000000748a3efe0) t
Event: 7.201 Thread 0x000001684732d800 Exception <a 'java/lang/NoSuchMethodError'{0x000000074cfea040}: java.lang.invoke.DirectMethodHandle$Holder.invokeSpecialIFC(Ljava/lang/Object;Ljava/lang/Object;Ljava/lang/Object;)Ljava/lang/Object;> (0x000000074cfea040) thrown at [./open/src/hotspot/share
Event: 7.233 Thread 0x000001684732d800 Exception <a 'java/lang/ClassNotFoundException'{0x000000074cef6788}: sun/util/logging/resources/spi/loggingProvider> (0x000000074cef6788) thrown at [./open/src/hotspot/share/classfile/systemDictionary.cpp, line 228]
Event: 12.634 Thread 0x000001684732d800 Exception <a 'java/lang/ClassNotFoundException'{0x000000074bf3a1f8}: sun/misc/SharedSecrets> (0x000000074bf3a1f8) thrown at [./open/src/hotspot/share/classfile/systemDictionary.cpp, line 228]
Event: 16.273 Thread 0x000001684732d800 Implicit null exception at 0x000001685733e4d5 to 0x000001685733e6be

Events (10 events):
Event: 16.393 loading class java/util/TreeMap$NavigableSubMap$SubMapIterator done
Event: 16.393 loading class java/util/TreeMap$NavigableSubMap$DescendingSubMapKeyIterator done
Event: 16.403 loading class org/apache/commons/lang3/StringUtils
Event: 16.403 loading class org/apache/commons/lang3/StringUtils done
Event: 16.409 Thread 0x000001684732d800 Uncommon trap: trap_request=0xffffff4d fr.pc=0x0000016857320774 relative=0x0000000000000514
Event: 16.409 Thread 0x000001684732d800 DEOPT PACKING pc=0x0000016857320774 sp=0x0000005efddfce20
Event: 16.409 Thread 0x000001684732d800 DEOPT UNPACKING pc=0x000001684f7c922f sp=0x0000005efddfcd60 mode 2
Event: 16.543 Thread 0x000001684732d800 Uncommon trap: trap_request=0xffffff4d fr.pc=0x000001685740190c relative=0x000000000000004c
Event: 16.543 Thread 0x000001684732d800 DEOPT PACKING pc=0x000001685740190c sp=0x0000005efddfc720
Event: 16.543 Thread 0x000001684732d800 DEOPT UNPACKING pc=0x000001684f7c922f sp=0x0000005efddfc6c8 mode 2


Dynamic libraries:
0x00007ff7391a0000 - 0x00007ff7391af000 	C:\Program Files\Java\jdk-11.0.9\bin\java.exe
0x00007ffa48b70000 - 0x00007ffa48d68000 	C:\WINDOWS\SYSTEM32\ntdll.dll
0x00007ffa47600000 - 0x00007ffa476bd000 	C:\WINDOWS\System32\KERNEL32.DLL
0x00007ffa46370000 - 0x00007ffa46642000 	C:\WINDOWS\System32\KERNELBASE.dll
0x00007ffa469f0000 - 0x00007ffa46af0000 	C:\WINDOWS\System32\ucrtbase.dll
0x00007ffa207a0000 - 0x00007ffa207b5000 	C:\Program Files\Java\jdk-11.0.9\bin\VCRUNTIME140.dll
0x00007ffa1f900000 - 0x00007ffa1f918000 	C:\Program Files\Java\jdk-11.0.9\bin\jli.dll
0x00007ffa47050000 - 0x00007ffa470fe000 	C:\WINDOWS\System32\ADVAPI32.dll
0x00007ffa48000000 - 0x00007ffa4809e000 	C:\WINDOWS\System32\msvcrt.dll
0x00007ffa47dd0000 - 0x00007ffa47e6c000 	C:\WINDOWS\System32\sechost.dll
0x00007ffa48a00000 - 0x00007ffa48b25000 	C:\WINDOWS\System32\RPCRT4.dll
0x00007ffa477b0000 - 0x00007ffa4794d000 	C:\WINDOWS\System32\USER32.dll
0x00007ffa46340000 - 0x00007ffa46362000 	C:\WINDOWS\System32\win32u.dll
0x00007ffa46d30000 - 0x00007ffa46d5b000 	C:\WINDOWS\System32\GDI32.dll
0x00007ffa33ad0000 - 0x00007ffa33d6a000 	C:\WINDOWS\WinSxS\amd64_microsoft.windows.common-controls_6595b64144ccf1df_6.0.19041.1110_none_60b5254171f9507e\COMCTL32.dll
0x00007ffa46650000 - 0x00007ffa4675f000 	C:\WINDOWS\System32\gdi32full.dll
0x00007ffa46950000 - 0x00007ffa469ed000 	C:\WINDOWS\System32\msvcp_win.dll
0x00007ffa3eb50000 - 0x00007ffa3eb5a000 	C:\WINDOWS\SYSTEM32\VERSION.dll
0x00007ffa47fd0000 - 0x00007ffa48000000 	C:\WINDOWS\System32\IMM32.DLL
0x00007ff9ff910000 - 0x00007ff9ff9ab000 	C:\Program Files\Java\jdk-11.0.9\bin\msvcp140.dll
0x00007ff9b18b0000 - 0x00007ff9b23a7000 	C:\Program Files\Java\jdk-11.0.9\bin\server\jvm.dll
0x00007ffa475f0000 - 0x00007ffa475f8000 	C:\WINDOWS\System32\PSAPI.DLL
0x00007ffa441d0000 - 0x00007ffa441d9000 	C:\WINDOWS\SYSTEM32\WSOCK32.dll
0x00007ffa33760000 - 0x00007ffa33787000 	C:\WINDOWS\SYSTEM32\WINMM.dll
0x00007ffa47f60000 - 0x00007ffa47fcb000 	C:\WINDOWS\System32\WS2_32.dll
0x00007ffa44ae0000 - 0x00007ffa44af2000 	C:\WINDOWS\SYSTEM32\kernel.appcore.dll
0x00007ffa222d0000 - 0x00007ffa222e0000 	C:\Program Files\Java\jdk-11.0.9\bin\verify.dll
0x00007ffa43fc0000 - 0x00007ffa441a4000 	C:\WINDOWS\SYSTEM32\DBGHELP.DLL
0x00007ffa34df0000 - 0x00007ffa34e1c000 	C:\WINDOWS\SYSTEM32\dbgcore.DLL
0x00007ffa46760000 - 0x00007ffa467e2000 	C:\WINDOWS\System32\bcryptPrimitives.dll
0x00007ffa17150000 - 0x00007ffa17178000 	C:\Program Files\Java\jdk-11.0.9\bin\java.dll
0x00007ffa1f670000 - 0x00007ffa1f67a000 	C:\Program Files\Java\jdk-11.0.9\bin\jimage.dll
0x00007ffa403b0000 - 0x00007ffa403be000 	C:\Program Files\Java\jdk-11.0.9\bin\instrument.dll
0x00007ffa1cc50000 - 0x00007ffa1cc66000 	C:\Program Files\Java\jdk-11.0.9\bin\zip.dll
0x00007ffa482b0000 - 0x00007ffa489f3000 	C:\WINDOWS\System32\SHELL32.dll
0x00007ffa441e0000 - 0x00007ffa44971000 	C:\WINDOWS\SYSTEM32\windows.storage.dll
0x00007ffa47950000 - 0x00007ffa47ca4000 	C:\WINDOWS\System32\combase.dll
0x00007ffa45c50000 - 0x00007ffa45c80000 	C:\WINDOWS\SYSTEM32\Wldp.dll
0x00007ffa46bd0000 - 0x00007ffa46c7d000 	C:\WINDOWS\System32\SHCORE.dll
0x00007ffa47100000 - 0x00007ffa47155000 	C:\WINDOWS\System32\shlwapi.dll
0x00007ffa461c0000 - 0x00007ffa461df000 	C:\WINDOWS\SYSTEM32\profapi.dll
0x00007ffa1c120000 - 0x00007ffa1c139000 	C:\Program Files\Java\jdk-11.0.9\bin\net.dll
0x00007ffa3e130000 - 0x00007ffa3e23d000 	C:\WINDOWS\SYSTEM32\WINHTTP.dll
0x00007ffa459e0000 - 0x00007ffa45a4a000 	C:\WINDOWS\system32\mswsock.dll
0x00007ffa157f0000 - 0x00007ffa15802000 	C:\Program Files\Java\jdk-11.0.9\bin\nio.dll
0x00007ffa3fd90000 - 0x00007ffa3fdaa000 	C:\Program Files\JetBrains\IntelliJ IDEA Community Edition 2022.1.1\bin\breakgen64.dll
0x00007ffa45c10000 - 0x00007ffa45c28000 	C:\WINDOWS\SYSTEM32\CRYPTSP.dll
0x00007ffa452b0000 - 0x00007ffa452e4000 	C:\WINDOWS\system32\rsaenh.dll
0x00007ffa46af0000 - 0x00007ffa46b17000 	C:\WINDOWS\System32\bcrypt.dll
0x00007ffa46140000 - 0x00007ffa4616e000 	C:\WINDOWS\SYSTEM32\USERENV.dll
0x00007ffa45b70000 - 0x00007ffa45b7c000 	C:\WINDOWS\SYSTEM32\CRYPTBASE.dll
0x00007ffa456a0000 - 0x00007ffa456db000 	C:\WINDOWS\SYSTEM32\IPHLPAPI.DLL
0x00007ffa46d60000 - 0x00007ffa46d68000 	C:\WINDOWS\System32\NSI.dll
0x00007ffa3e520000 - 0x00007ffa3e537000 	C:\WINDOWS\SYSTEM32\dhcpcsvc6.DLL
0x00007ffa3ec20000 - 0x00007ffa3ec3d000 	C:\WINDOWS\SYSTEM32\dhcpcsvc.DLL
0x00007ffa456e0000 - 0x00007ffa457aa000 	C:\WINDOWS\SYSTEM32\DNSAPI.dll
0x00007ffa3cd60000 - 0x00007ffa3cd6d000 	C:\Program Files\Java\jdk-11.0.9\bin\sunmscapi.dll
0x00007ffa467f0000 - 0x00007ffa46946000 	C:\WINDOWS\System32\CRYPT32.dll
0x00007ffa45cf0000 - 0x00007ffa45d17000 	C:\WINDOWS\SYSTEM32\ncrypt.dll
0x00007ffa45c90000 - 0x00007ffa45ccb000 	C:\WINDOWS\SYSTEM32\NTASN1.dll
0x00007ffa232d0000 - 0x00007ffa232f5000 	C:\Program Files\Java\jdk-11.0.9\bin\sunec.dll
0x00000000645b0000 - 0x00000000645d6000 	C:\Program Files\Bonjour\mdnsNSP.dll
0x00007ffa3eb60000 - 0x00007ffa3eb6a000 	C:\Windows\System32\rasadhlp.dll
0x00007ffa3bba0000 - 0x00007ffa3bc20000 	C:\WINDOWS\System32\fwpuclnt.dll
0x00007ffa40390000 - 0x00007ffa40399000 	C:\Program Files\Java\jdk-11.0.9\bin\management.dll
0x00007ffa40330000 - 0x00007ffa4033b000 	C:\Program Files\Java\jdk-11.0.9\bin\management_ext.dll
0x00007ffa2f690000 - 0x00007ffa2f6a7000 	C:\WINDOWS\system32\napinsp.dll
0x00007ffa2d800000 - 0x00007ffa2d81b000 	C:\WINDOWS\system32\pnrpnsp.dll
0x00007ffa404d0000 - 0x00007ffa404e5000 	C:\WINDOWS\system32\wshbth.dll
0x00007ffa41570000 - 0x00007ffa4158d000 	C:\WINDOWS\system32\NLAapi.dll
0x00007ffa2d7e0000 - 0x00007ffa2d7f2000 	C:\WINDOWS\System32\winrnr.dll

dbghelp: loaded successfully - version: 4.0.5 - missing functions: none
symbol engine: initialized successfully - sym options: 0x614 - pdb path: .;C:\Program Files\Java\jdk-11.0.9\bin;C:\WINDOWS\SYSTEM32;C:\WINDOWS\WinSxS\amd64_microsoft.windows.common-controls_6595b64144ccf1df_6.0.19041.1110_none_60b5254171f9507e;C:\Program Files\Java\jdk-11.0.9\bin\server;C:\Program Files\JetBrains\IntelliJ IDEA Community Edition 2022.1.1\bin;C:\Program Files\Bonjour

VM Arguments:
jvm_args: -ea -Duser.language=en -DnodeNamesHandler=org.jetbrains.plugins.cucumber.java.run.CucumberTestTreeNodeManager -Didea.test.cyclic.buffer.size=1048576 -javaagent:C:\Program Files\JetBrains\IntelliJ IDEA Community Edition 2022.1.1\lib\idea_rt.jar=57194:C:\Program Files\JetBrains\IntelliJ IDEA Community Edition 2022.1.1\bin -Dfile.encoding=UTF-8 
java_command: com.intellij.rt.junit.JUnitStarter -ideVersion5 -junit4 runners.Runner
java_class_path (initial): C:\Program Files\JetBrains\IntelliJ IDEA Community Edition 2022.1.1\lib\idea_rt.jar;C:\Program Files\JetBrains\IntelliJ IDEA Community Edition 2022.1.1\plugins\junit\lib\junit5-rt.jar;C:\Program Files\JetBrains\IntelliJ IDEA Community Edition 2022.1.1\plugins\junit\lib\junit-rt.jar;C:\Users\asus\IdeaProjects\medunnaProject\target\test-classes;C:\Users\asus\.m2\repository\org\seleniumhq\selenium\selenium-java\4.1.1\selenium-java-4.1.1.jar;C:\Users\asus\.m2\repository\org\seleniumhq\selenium\selenium-api\4.1.1\selenium-api-4.1.1.jar;C:\Users\asus\.m2\repository\org\seleniumhq\selenium\selenium-chrome-driver\4.1.1\selenium-chrome-driver-4.1.1.jar;C:\Users\asus\.m2\repository\com\google\auto\service\auto-service-annotations\1.0.1\auto-service-annotations-1.0.1.jar;C:\Users\asus\.m2\repository\com\google\auto\service\auto-service\1.0.1\auto-service-1.0.1.jar;C:\Users\asus\.m2\repository\com\google\auto\auto-common\1.2\auto-common-1.2.jar;C:\Users\asus\.m2\repository\org\seleniumhq\selenium\selenium-chromium-driver\4.1.1\selenium-chromium-driver-4.1.1.jar;C:\Users\asus\.m2\repository\org\seleniumhq\selenium\selenium-json\4.1.1\selenium-json-4.1.1.jar;C:\Users\asus\.m2\repository\org\seleniumhq\selenium\selenium-devtools-v85\4.1.1\selenium-devtools-v85-4.1.1.jar;C:\Users\asus\.m2\repository\org\seleniumhq\selenium\selenium-devtools-v94\4.1.1\selenium-devtools-v94-4.1.1.jar;C:\Users\asus\.m2\repository\org\seleniumhq\selenium\selenium-devtools-v95\4.1.1\selenium-devtools-v95-4.1.1.jar;C:\Users\asus\.m2\repository\org\seleniumhq\selenium\selenium-devtools-v96\4.1.1\selenium-devtools-v96-4.1.1.jar;C:\Users\asus\.m2\repository\org\seleniumhq\selenium\selenium-edge-driver\4.1.1\selenium-edge-driver-4.1.1.jar;C:\Users\asus\.m2\repository\org\seleniumhq\selenium\selenium-firefox-driver\4.1.1\selenium-firefox-driver-4.1.1.jar;C:\Users\asus\.m2\repository\org\seleniumhq\selenium\selenium-firefox-xpi-driver\4.1.1\selenium-firefox-xpi-driver-4.1.1.jar;C:\
Launcher Type: SUN_STANDARD

[Global flags]
     intx CICompilerCount                          = 4                                         {product} {ergonomic}
     uint ConcGCThreads                            = 2                                         {product} {ergonomic}
     uint G1ConcRefinementThreads                  = 8                                         {product} {ergonomic}
   size_t G1HeapRegionSize                         = 1048576                                   {product} {ergonomic}
    uintx GCDrainStackTargetSize                   = 64                                        {product} {ergonomic}
   size_t InitialHeapSize                          = 201326592                                 {product} {ergonomic}
   size_t MarkStackSize                            = 4194304                                   {product} {ergonomic}
   size_t MaxHeapSize                              = 3193962496                                {product} {ergonomic}
   size_t MaxNewSize                               = 1915748352                                {product} {ergonomic}
   size_t MinHeapDeltaBytes                        = 1048576                                   {product} {ergonomic}
    uintx NonNMethodCodeHeapSize                   = 5836300                                {pd product} {ergonomic}
    uintx NonProfiledCodeHeapSize                  = 122910970                              {pd product} {ergonomic}
    uintx ProfiledCodeHeapSize                     = 122910970                              {pd product} {ergonomic}
    uintx ReservedCodeCacheSize                    = 251658240                              {pd product} {ergonomic}
     bool SegmentedCodeCache                       = true                                      {product} {ergonomic}
     bool UseCompressedClassPointers               = true                                 {lp64_product} {ergonomic}
     bool UseCompressedOops                        = true                                 {lp64_product} {ergonomic}
     bool UseG1GC                                  = true                                      {product} {ergonomic}
     bool UseLargePagesIndividualAllocation        = false                                  {pd product} {ergonomic}

Logging:
Log output configuration:
 #0: stdout all=warning uptime,level,tags
 #1: stderr all=off uptime,level,tags

Environment Variables:
JAVA_HOME=C:\Program Files\Java\jdk-11.0.9
PATH=C:\Program Files\Common Files\Oracle\Java\javapath;C:\Program Files (x86)\Common Files\Oracle\Java\javapath;C:\oraclexe\app\oracle\product\11.2.0\server\bin;;C:\Program Files (x86)\Intel\iCLS Client\;C:\Program Files\Intel\iCLS Client\;C:\Windows\system32;C:\Windows;C:\Windows\System32\Wbem;C:\Windows\System32\WindowsPowerShell\v1.0\;C:\Windows\System32\OpenSSH\;C:\Program Files (x86)\NVIDIA Corporation\PhysX\Common;C:\Program Files (x86)\Intel\Intel(R) Management Engine Components\DAL;C:\Program Files\Intel\Intel(R) Management Engine Components\DAL;C:\Program Files (x86)\Intel\Intel(R) Management Engine Components\IPT;C:\Program Files\Intel\Intel(R) Management Engine Components\IPT;C:\Program Files\NVIDIA Corporation\NVIDIA NvDLISR;C:\Program Files (x86)\Calibre2\;C:\WINDOWS\system32;C:\WINDOWS;C:\WINDOWS\System32\Wbem;C:\WINDOWS\System32\WindowsPowerShell\v1.0\;C:\WINDOWS\System32\OpenSSH\;C:\Users\asus\AppData\Local\Microsoft\WindowsApps;C:\adb;C:\Program Files\Git\cmd;C:\Program Files\Docker\Docker\resources\bin;C:\ProgramData\DockerDesktop\version-bin;C:\Users\asus\AppData\Local\Microsoft\WindowsApps;C:\Program Files\Java\jdk-11.0.15\bin;C:\Users\asus\AppData\Local\GitHubDesktop\bin;C:\Users\asus\AppData\Local\Programs\Microsoft VS Code\bin;C:\Program Files\EGKS\jre8_x64\bin;C:\Program Files\EGKS\jre8_x64\bin\server;C:\Program Files\Java\jdk-11.0.9\bin;C:\Program Files\apache-maven-3.8.6\bin;
USERNAME=Musab Tulunay
OS=Windows_NT
PROCESSOR_IDENTIFIER=Intel64 Family 6 Model 94 Stepping 3, GenuineIntel



---------------  S Y S T E M  ---------------

OS: Windows 10 , 64 bit Build 19041 (10.0.19041.1889)
HyperV virtualization detected

CPU:total 8 (initial active 8) (4 cores per cpu, 2 threads per core) family 6 model 94 stepping 3, cmov, cx8, fxsr, mmx, sse, sse2, sse3, ssse3, sse4.1, sse4.2, popcnt, avx, avx2, aes, clmul, erms, rtm, 3dnowpref, lzcnt, ht, tsc, tscinvbit, bmi1, bmi2, adx, fma

Memory: 4k page, system-wide physical 12183M (1407M free)
TotalPageFile size 12183M (AvailPageFile size 5M)
current process WorkingSet (physical memory assigned to process): 293M, peak: 311M
current process commit charge ("private bytes"): 403M, peak: 420M

vm_info: Java HotSpot(TM) 64-Bit Server VM (11.0.9+7-LTS) for windows-amd64 JRE (11.0.9+7-LTS), built on Sep 15 2020 16:47:03 by "mach5one" with MS VC++ 15.9 (VS2017)

END.
